0 info it worked if it ends with ok
1 verbose cli [ 'C:\\Program Files\\nodejs\\node.exe',
1 verbose cli   'C:\\Program Files\\nodejs\\node_modules\\npm\\bin\\npm-cli.js',
1 verbose cli   'start' ]
2 info using npm@3.6.0
3 info using node@v5.6.0
4 verbose run-script [ 'prestart', 'start', 'poststart' ]
5 info lifecycle 1.0.0@1.0.0~prestart: 1.0.0@1.0.0
6 silly lifecycle 1.0.0@1.0.0~prestart: no script for prestart, continuing
7 info lifecycle 1.0.0@1.0.0~start: 1.0.0@1.0.0
8 verbose lifecycle 1.0.0@1.0.0~start: unsafe-perm in lifecycle true
9 verbose lifecycle 1.0.0@1.0.0~start: PATH: C:\Program Files\nodejs\node_modules\npm\bin\node-gyp-bin;C:\Users\jacob\documents\TwitterBot\node_modules\.bin;C:\WINDOWS\system32;C:\WINDOWS;C:\WINDOWS\System32\Wbem;C:\WINDOWS\System32\WindowsPowerShell\v1.0\;C:\Program Files (x86)\GtkSharp\2.12\bin;C:\WINDOWS\system32\config\systemprofile\.dnx\bin;C:\Program Files\Microsoft DNX\Dnvm\;C:\Program Files\nodejs\;C:\Program Files\Git\cmd;C:\Program Files (x86)\Skype\Phone\;C:\Program Files\MATLAB\R2016a\bin;C:\Users\jacob\AppData\Local\Programs\Python\Python35-32\Scripts\;C:\Users\jacob\AppData\Local\Programs\Python\Python35-32\;C:\WINDOWS\system32;C:\WINDOWS;C:\WINDOWS\System32\Wbem;C:\WINDOWS\System32\WindowsPowerShell\v1.0\;C:\Program Files (x86)\GtkSharp\2.12\bin;C:\Users\jacob\.dnx\bin;C:\Program Files\Microsoft DNX\Dnvm\;C:\Program Files\nodejs\;C:\Program Files\Git\cmd;C:\Program Files (x86)\Skype\Phone\;C:\Program Files\MATLAB\R2016a\bin;C:\WINDOWS\system32\config\systemprofile\.dnx\bin;C:\Users\jacob\AppData\Roaming\npm;C:\Users\jacob\AppData\Local\atom\bin;C:\PYTHON35;C:\Program Files\Docker Toolbox;%USERPROFILE%\AppData\Local\Microsoft\WindowsApps;
10 verbose lifecycle 1.0.0@1.0.0~start: CWD: C:\Users\jacob\documents\TwitterBot
11 silly lifecycle 1.0.0@1.0.0~start: Args: [ '/d /s /c', 'node bot' ]
12 silly lifecycle 1.0.0@1.0.0~start: Returned: code: 1  signal: null
13 info lifecycle 1.0.0@1.0.0~start: Failed to exec start script
14 verbose stack Error: 1.0.0@1.0.0 start: `node bot`
14 verbose stack Exit status 1
14 verbose stack     at EventEmitter.<anonymous> (C:\Program Files\nodejs\node_modules\npm\lib\utils\lifecycle.js:232:16)
14 verbose stack     at emitTwo (events.js:100:13)
14 verbose stack     at EventEmitter.emit (events.js:185:7)
14 verbose stack     at ChildProcess.<anonymous> (C:\Program Files\nodejs\node_modules\npm\lib\utils\spawn.js:24:14)
14 verbose stack     at emitTwo (events.js:100:13)
14 verbose stack     at ChildProcess.emit (events.js:185:7)
14 verbose stack     at maybeClose (internal/child_process.js:827:16)
14 verbose stack     at Process.ChildProcess._handle.onexit (internal/child_process.js:211:5)
15 verbose pkgid 1.0.0@1.0.0
16 verbose cwd C:\Users\jacob\documents\TwitterBot
17 error Windows_NT 10.0.14393
18 error argv "C:\\Program Files\\nodejs\\node.exe" "C:\\Program Files\\nodejs\\node_modules\\npm\\bin\\npm-cli.js" "start"
19 error node v5.6.0
20 error npm  v3.6.0
21 error code ELIFECYCLE
22 error 1.0.0@1.0.0 start: `node bot`
22 error Exit status 1
23 error Failed at the 1.0.0@1.0.0 start script 'node bot'.
23 error Make sure you have the latest version of node.js and npm installed.
23 error If you do, this is most likely a problem with the 1.0.0 package,
23 error not with npm itself.
23 error Tell the author that this fails on your system:
23 error     node bot
23 error You can get information on how to open an issue for this project with:
23 error     npm bugs 1.0.0
23 error Or if that isn't available, you can get their info via:
23 error     npm owner ls 1.0.0
23 error There is likely additional logging output above.
24 verbose exit [ 1, true ]
